[debug] [2026-04-19T09:43:01.659Z] ----------------------------------------------------------------------
[debug] [2026-04-19T09:43:01.661Z] Command:       C:\Program Files\nodejs\node.exe C:\Users\kapus\AppData\Roaming\npm\node_modules\firebase-tools\lib\bin\firebase.js projects:create d-print-calc-erp
[debug] [2026-04-19T09:43:01.661Z] CLI Version:   15.15.0
[debug] [2026-04-19T09:43:01.661Z] Platform:      win32
[debug] [2026-04-19T09:43:01.661Z] Node Version:  v24.11.1
[debug] [2026-04-19T09:43:01.661Z] Time:          Sun Apr 19 2026 14:43:01 GMT+0500 (Екатеринбург, стандартное время)
[debug] [2026-04-19T09:43:01.661Z] ----------------------------------------------------------------------
[debug] 
[debug] [2026-04-19T09:43:01.668Z] > command requires scopes: ["email","openid","https://www.googleapis.com/auth/cloudplatformprojects.readonly","https://www.googleapis.com/auth/firebase","https://www.googleapis.com/auth/cloud-platform"]
[debug] [2026-04-19T09:43:01.668Z] > authorizing via signed-in user (kapustis72@bk.ru)
[debug] [2026-04-19T09:43:24.163Z] Checked if tokens are valid: true, expires at: 1776595346373
[debug] [2026-04-19T09:43:24.163Z] Checked if tokens are valid: true, expires at: 1776595346373
[debug] [2026-04-19T09:43:24.164Z] >>> [apiv2][query] POST https://cloudresourcemanager.googleapis.com/v1/projects [none]
[debug] [2026-04-19T09:43:24.164Z] >>> [apiv2][body] POST https://cloudresourcemanager.googleapis.com/v1/projects {"projectId":"d-print-calc-erp","name":"3D_print_pack"}
[debug] [2026-04-19T09:43:25.132Z] <<< [apiv2][status] POST https://cloudresourcemanager.googleapis.com/v1/projects 400
[debug] [2026-04-19T09:43:25.132Z] <<< [apiv2][body] POST https://cloudresourcemanager.googleapis.com/v1/projects {"error":{"code":400,"message":"field [display_name] has issue [project display name contains invalid characters]","status":"INVALID_ARGUMENT","details":[{"@type":"type.googleapis.com/google.rpc.BadRequest","fieldViolations":[{"field":"display_name","description":"project display name contains invalid characters"}]},{"@type":"type.googleapis.com/google.rpc.Help","links":[{"url":"https://cloud.google.com/resource-manager/reference/rest/v1/projects"}]}]}}
[debug] [2026-04-19T09:43:25.285Z] FirebaseError: Request to https://cloudresourcemanager.googleapis.com/v1/projects had HTTP Error: 400, field [display_name] has issue [project display name contains invalid characters]
    at responseToError (C:\Users\kapus\AppData\Roaming\npm\node_modules\firebase-tools\lib\responseToError.js:53:12)
    at RetryOperation._fn (C:\Users\kapus\AppData\Roaming\npm\node_modules\firebase-tools\lib\apiv2.js:333:77)
    at process.processTicksAndRejections (node:internal/process/task_queues:103:5)
[error] 
[error] Error: Failed to create project. See firebase-debug.log for more info.
